[debug] > Exec(early(addDefaultCommands), None, None)
[debug] > Exec(addDefaultCommands, None, None)
[debug] > Exec(early(initialize), None, None)
[debug] > Exec(initialize, None, None)
[debug] > Exec(boot, None, None)
[debug] > Exec(writeSbtVersion, None, None)
[debug] > Exec(reload, None, None)
[debug] > Exec(sbtStashOnFailure, None, None)
[debug] > Exec(onFailure loadFailed, None, None)
[debug] > Exec(loadp, None, None)
[info] welcome to sbt 1.9.6 (Oracle Corporation Java 11.0.17)
[debug] Load.defaultLoad until apply took 332.0051ms
[debug]           Load.loadUnit: plugins took 273.87ms
[debug]           Load.loadUnit: defsScala took 0.67ms
[debug] [Loading] Scanning directory C:\Users\session\Desktop\Spark\SparkTest\project
[debug] [Loading] Found non-root projects 
[debug] [Loading] Done in C:\Users\session\Desktop\Spark\SparkTest\project, returning: ()
[debug] deducing auto plugins based on known facts Set(Atom(sbt.plugins.CorePlugin)) and clauses Clauses(Clause(Atom(sbt.plugins.JvmPlugin),Set(Atom(sbt.plugins.IvyPlugin)))
[debug] Clause(Atom(sbt.ScriptedPlugin),Set(Atom(sbt.plugins.JvmPlugin)))
[debug] Clause(Atom(sbt.plugins.SbtPlugin),Set(Atom(sbt.ScriptedPlugin)))
[debug] Clause(Atom(sbt.plugins.SemanticdbPlugin),Set(Atom(sbt.plugins.JvmPlugin)))
[debug] Clause(Atom(sbt.plugins.JUnitXmlReportPlugin),Set(Atom(sbt.plugins.JvmPlugin)))
[debug] Clause(Atom(sbt.plugins.MiniDependencyTreePlugin),Set(Atom(sbt.plugins.JvmPlugin)))
[debug] Clause(Atom(sbt.plugins.CorePlugin),Set(Atom(sbt.plugins.IvyPlugin)))
[debug] Clause(Atom(sbt.plugins.IvyPlugin),Set(Atom(sbt.plugins.JvmPlugin)))
[debug] Clause(Atom(sbt.plugins.JvmPlugin),Set(Atom(sbt.plugins.SemanticdbPlugin)))
[debug] Clause(Atom(sbt.plugins.JvmPlugin),Set(Atom(sbt.plugins.JUnitXmlReportPlugin)))
[debug] Clause(Atom(sbt.plugins.CorePlugin),Set(Atom(sbt.plugins.Giter8TemplatePlugin)))
[debug] Clause(Atom(sbt.plugins.JvmPlugin),Set(Atom(sbt.plugins.MiniDependencyTreePlugin))))
[debug]   :: deduced result: Matched(sbt.plugins.CorePlugin,sbt.plugins.Giter8TemplatePlugin,sbt.plugins.IvyPlugin,sbt.plugins.JvmPlugin,sbt.plugins.MiniDependencyTreePlugin,sbt.plugins.JUnitXmlReportPlugin,sbt.plugins.SemanticdbPlugin)
[debug] Plugins.deducer#function took 92.1779 ms
[debug]               Load.resolveProject(sparktest-build) took 152.8326ms
[debug]             Load.loadTransitive: finalizeProject(Project(id sparktest-build, base: C:\Users\session\Desktop\Spark\SparkTest\project, plugins: List(<none>))) took 351.0409ms
[debug] [Loading] Done in C:\Users\session\Desktop\Spark\SparkTest\project, returning: (sparktest-build)
[debug]           Load.loadUnit: loadedProjectsRaw took 397.0013ms
[debug]           Load.loadUnit: cleanEvalClasses took 0.6183ms
[debug]         Load.loadUnit(file:/C:/Users/session/Desktop/Spark/SparkTest/project/, ...) took 686.9337ms
[debug]       Load.apply: load took 1184.0614ms
[debug]       Load.apply: resolveProjects took 24.9302ms
[debug]       Load.apply: finalTransforms took 185.2034ms
[debug]       Load.apply: config.delegates took 25.4401ms
[debug]       Load.apply: Def.make(settings)... took 1293.8165ms
[debug]       Load.apply: structureIndex took 317.6127ms
[debug]       Load.apply: mkStreams took 7.9212ms
[info] loading project definition from C:\Users\session\Desktop\Spark\SparkTest\project
[debug] Running task... Cancel: Signal, check cycles: false, forcegc: true
